[20 Feb 2024 10:32:49:565] [org.apache.tomcat.util.descriptor.web.SecurityConstraint findUncoveredHttpMethods] [SEVERE]: For security constraints with URL pattern [/manageVMInstances.do] only the HTTP methods [POST GET] are covered. All other methods are uncovered.
[20 Feb 2024 10:32:49:566] [org.apache.tomcat.util.descriptor.web.SecurityConstraint findUncoveredHttpMethods] [SEVERE]: For security constraints with URL pattern [/jsp/sap/listccmsmonitorsets.jsp] only the HTTP methods [POST GET] are covered. All other methods are uncovered.
[20 Feb 2024 10:32:49:566] [org.apache.tomcat.util.descriptor.web.SecurityConstraint findUncoveredHttpMethods] [SEVERE]: For security constraints with URL pattern [/jsp/BreachNotification.jsp] only the HTTP methods [POST GET] are covered. All other methods are uncovered.
[20 Feb 2024 10:32:49:566] [org.apache.tomcat.util.descriptor.web.SecurityConstraint findUncoveredHttpMethods] [SEVERE]: For security constraints with URL pattern [/manageConfMons.do] only the HTTP methods [POST GET] are covered. All other methods are uncovered.
[20 Feb 2024 10:32:49:566] [org.apache.tomcat.util.descriptor.web.SecurityConstraint findUncoveredHttpMethods] [SEVERE]: For security constraints with URL pattern [/showWASJDBC.do] only the HTTP methods [POST GET] are covered. All other methods are uncovered.
[20 Feb 2024 10:32:49:566] [org.apache.tomcat.util.descriptor.web.SecurityConstraint findUncoveredHttpMethods] [SEVERE]: For security constraints with URL pattern [/credentialManager.do] only the HTTP methods [POST GET] are covered. All other methods are uncovered.
[20 Feb 2024 10:32:49:566] [org.apache.tomcat.util.descriptor.web.SecurityConstraint findUncoveredHttpMethods] [SEVERE]: For security constraints with URL pattern [/Debug-Info/*] only the HTTP methods [POST GET] are covered. All other methods are uncovered.
[20 Feb 2024 10:32:49:566] [org.apache.tomcat.util.descriptor.web.SecurityConstraint findUncoveredHttpMethods] [SEVERE]: For security constraints with URL pattern [/updateUrl.do] only the HTTP methods [POST GET] are covered. All other methods are uncovered.
[20 Feb 2024 10:32:49:566] [org.apache.tomcat.util.descriptor.web.SecurityConstraint findUncoveredHttpMethods] [SEVERE]: For security constraints with URL pattern [/apm/*] only the HTTP methods [POST GET] are covered. All other methods are uncovered.
[20 Feb 2024 10:32:49:566] [org.apache.tomcat.util.descriptor.web.SecurityConstraint findUncoveredHttpMethods] [SEVERE]: For security constraints with URL pattern [/jsp/RCATop.jsp] only the HTTP methods [POST GET] are covered. All other methods are uncovered.
[20 Feb 2024 10:32:49:566] [org.apache.tomcat.util.descriptor.web.SecurityConstraint findUncoveredHttpMethods] [SEVERE]: For security constraints with URL pattern [/jsp/HostDiscoveryForm.jsp] only the HTTP methods [POST GET] are covered. All other methods are uncovered.
[20 Feb 2024 10:32:49:566] [org.apache.tomcat.util.descriptor.web.SecurityConstraint findUncoveredHttpMethods] [SEVERE]: For security constraints with URL pattern [/alarmsoneintegration.do] only the HTTP methods [POST GET] are covered. All other methods are uncovered.
[20 Feb 2024 10:32:49:566] [org.apache.tomcat.util.descriptor.web.SecurityConstraint findUncoveredHttpMethods] [SEVERE]: For security constraints with URL pattern [/userconfiguration.do] only the HTTP methods [POST GET] are covered. All other methods are uncovered.
[20 Feb 2024 10:32:49:566] [org.apache.tomcat.util.descriptor.web.SecurityConstraint findUncoveredHttpMethods] [SEVERE]: For security constraints with URL pattern [/showTile.do] only the HTTP methods [POST GET] are covered. All other methods are uncovered.
[20 Feb 2024 10:32:49:567] [org.apache.tomcat.util.descriptor.web.SecurityConstraint findUncoveredHttpMethods] [SEVERE]: For security constraints with URL pattern [/SelfHelpToolsAction.do] only the HTTP methods [POST GET] are covered. All other methods are uncovered.
[20 Feb 2024 10:32:49:567] [org.apache.tomcat.util.descriptor.web.SecurityConstraint findUncoveredHttpMethods] [SEVERE]: For security constraints with URL pattern [/showCustomReports.do] only the HTTP methods [POST GET] are covered. All other methods are uncovered.
[20 Feb 2024 10:32:49:567] [org.apache.tomcat.util.descriptor.web.SecurityConstraint findUncoveredHttpMethods] [SEVERE]: For security constraints with URL pattern [/SeleniumActions.do] only the HTTP methods [POST GET] are covered. All other methods are uncovered.
[20 Feb 2024 10:32:49:567] [org.apache.tomcat.util.descriptor.web.SecurityConstraint findUncoveredHttpMethods] [SEVERE]: For security constraints with URL pattern [/HostResourceDispatch.do] only the HTTP methods [POST GET] are covered. All other methods are uncovered.
[20 Feb 2024 10:32:49:567] [org.apache.tomcat.util.descriptor.web.SecurityConstraint findUncoveredHttpMethods] [SEVERE]: For security constraints with URL pattern [/jsp/Popup_ExecProgramResult.jsp] only the HTTP methods [POST GET] are covered. All other methods are uncovered.
[20 Feb 2024 10:32:49:567] [org.apache.tomcat.util.descriptor.web.SecurityConstraint findUncoveredHttpMethods] [SEVERE]: For security constraints with URL pattern [/adminLayout.do] only the HTTP methods [POST GET] are covered. All other methods are uncovered.
[20 Feb 2024 10:32:49:567] [org.apache.tomcat.util.descriptor.web.SecurityConstraint findUncoveredHttpMethods] [SEVERE]: For security constraints with URL pattern [/inAppNotification.do] only the HTTP methods [POST GET] are covered. All other methods are uncovered.
[20 Feb 2024 10:32:49:567] [org.apache.tomcat.util.descriptor.web.SecurityConstraint findUncoveredHttpMethods] [SEVERE]: For security constraints with URL pattern [/jsp/includes/WLSDisableEjb.jsp] only the HTTP methods [POST GET] are covered. All other methods are uncovered.
[20 Feb 2024 10:32:49:567] [org.apache.tomcat.util.descriptor.web.SecurityConstraint findUncoveredHttpMethods] [SEVERE]: For security constraints with URL pattern [/jsp/VMWareDatastore.jsp] only the HTTP methods [POST GET] are covered. All other methods are uncovered.
[20 Feb 2024 10:32:49:567] [org.apache.tomcat.util.descriptor.web.SecurityConstraint findUncoveredHttpMethods] [SEVERE]: For security constraints with URL pattern [/DB2.do] only the HTTP methods [POST GET] are covered. All other methods are uncovered.
[20 Feb 2024 10:32:49:567] [org.apache.tomcat.util.descriptor.web.SecurityConstraint findUncoveredHttpMethods] [SEVERE]: For security constraints with URL pattern [/jsp/SybaseDetails.jsp] only the HTTP methods [POST GET] are covered. All other methods are uncovered.
[20 Feb 2024 10:32:49:567] [org.apache.tomcat.util.descriptor.web.SecurityConstraint findUncoveredHttpMethods] [SEVERE]: For security constraints with URL pattern [/jsp/MonitorSummary.jsp] only the HTTP methods [POST GET] are covered. All other methods are uncovered.
[20 Feb 2024 10:32:49:567] [org.apache.tomcat.util.descriptor.web.SecurityConstraint findUncoveredHttpMethods] [SEVERE]: For security constraints with URL pattern [/jsp/HostNameDiscovery.jsp] only the HTTP methods [POST GET] are covered. All other methods are uncovered.
[20 Feb 2024 10:32:49:567] [org.apache.tomcat.util.descriptor.web.SecurityConstraint findUncoveredHttpMethods] [SEVERE]: For security constraints with URL pattern [/apminsight/*] only the HTTP methods [POST GET] are covered. All other methods are uncovered.
[20 Feb 2024 10:32:49:567] [org.apache.tomcat.util.descriptor.web.SecurityConstraint findUncoveredHttpMethods] [SEVERE]: For security constraints with URL pattern [/viewLogs.do] only the HTTP methods [POST GET] are covered. All other methods are uncovered.
[20 Feb 2024 10:32:49:567] [org.apache.tomcat.util.descriptor.web.SecurityConstraint findUncoveredHttpMethods] [SEVERE]: For security constraints with URL pattern [/jsp/Popup_ProgramActions.jsp] only the HTTP methods [POST GET] are covered. All other methods are uncovered.
[20 Feb 2024 10:32:49:567] [org.apache.tomcat.util.descriptor.web.SecurityConstraint findUncoveredHttpMethods] [SEVERE]: For security constraints with URL pattern [/istioWorkloadAction.do] only the HTTP methods [POST GET] are covered. All other methods are uncovered.
[20 Feb 2024 10:32:49:568] [org.apache.tomcat.util.descriptor.web.SecurityConstraint findUncoveredHttpMethods] [SEVERE]: For security constraints with URL pattern [/jsp/displayresources.jsp] only the HTTP methods [POST GET] are covered. All other methods are uncovered.
[20 Feb 2024 10:32:49:568] [org.apache.tomcat.util.descriptor.web.SecurityConstraint findUncoveredHttpMethods] [SEVERE]: For security constraints with URL pattern [/showDCComponents.do] only the HTTP methods [POST GET] are covered. All other methods are uncovered.
[20 Feb 2024 10:32:49:568] [org.apache.tomcat.util.descriptor.web.SecurityConstraint findUncoveredHttpMethods] [SEVERE]: For security constraints with URL pattern [/jsp/OAuthCallBack.jsp] only the HTTP methods [POST GET] are covered. All other methods are uncovered.
[20 Feb 2024 10:32:49:568] [org.apache.tomcat.util.descriptor.web.SecurityConstraint findUncoveredHttpMethods] [SEVERE]: For security constraints with URL pattern [/deleteMO.do] only the HTTP methods [POST GET] are covered. All other methods are uncovered.
[20 Feb 2024 10:32:49:568] [org.apache.tomcat.util.descriptor.web.SecurityConstraint findUncoveredHttpMethods] [SEVERE]: For security constraints with URL pattern [/jsp/attribute_edit.jsp] only the HTTP methods [POST GET] are covered. All other methods are uncovered.
[20 Feb 2024 10:32:49:568] [org.apache.tomcat.util.descriptor.web.SecurityConstraint findUncoveredHttpMethods] [SEVERE]: For security constraints with URL pattern [/showCustom.do] only the HTTP methods [POST GET] are covered. All other methods are uncovered.
[20 Feb 2024 10:32:49:568] [org.apache.tomcat.util.descriptor.web.SecurityConstraint findUncoveredHttpMethods] [SEVERE]: For security constraints with URL pattern [/viewSIF.do] only the HTTP methods [POST GET] are covered. All other methods are uncovered.
[20 Feb 2024 10:32:49:568] [org.apache.tomcat.util.descriptor.web.SecurityConstraint findUncoveredHttpMethods] [SEVERE]: For security constraints with URL pattern [/register.do] only the HTTP methods [POST GET] are covered. All other methods are uncovered.
[20 Feb 2024 10:32:49:568] [org.apache.tomcat.util.descriptor.web.SecurityConstraint findUncoveredHttpMethods] [SEVERE]: For security constraints with URL pattern [/fault/*] only the HTTP methods [POST GET] are covered. All other methods are uncovered.
[20 Feb 2024 10:32:49:568] [org.apache.tomcat.util.descriptor.web.SecurityConstraint findUncoveredHttpMethods] [SEVERE]: For security constraints with URL pattern [/AMMsgQlinkAction.do] only the HTTP methods [POST GET] are covered. All other methods are uncovered.
[20 Feb 2024 10:32:49:568] [org.apache.tomcat.util.descriptor.web.SecurityConstraint findUncoveredHttpMethods] [SEVERE]: For security constraints with URL pattern [/WMIPerfCounters.do] only the HTTP methods [POST GET] are covered. All other methods are uncovered.
[20 Feb 2024 10:32:49:568] [org.apache.tomcat.util.descriptor.web.SecurityConstraint findUncoveredHttpMethods] [SEVERE]: For security constraints with URL pattern [/showresource.do] only the HTTP methods [POST GET] are covered. All other methods are uncovered.
[20 Feb 2024 10:32:49:568] [org.apache.tomcat.util.descriptor.web.SecurityConstraint findUncoveredHttpMethods] [SEVERE]: For security constraints with URL pattern [/jsp/HostDiskDetails.jsp] only the HTTP methods [POST GET] are covered. All other methods are uncovered.
[20 Feb 2024 10:32:49:569] [org.apache.tomcat.util.descriptor.web.SecurityConstraint findUncoveredHttpMethods] [SEVERE]: For security constraints with URL pattern [/applications.do] only the HTTP methods [POST GET] are covered. All other methods are uncovered.
[20 Feb 2024 10:32:49:569] [org.apache.tomcat.util.descriptor.web.SecurityConstraint findUncoveredHttpMethods] [SEVERE]: For security constraints with URL pattern [/jsp/amazon/AssignPlatform.jsp] only the HTTP methods [POST GET] are covered. All other methods are uncovered.
[20 Feb 2024 10:32:49:569] [org.apache.tomcat.util.descriptor.web.SecurityConstraint findUncoveredHttpMethods] [SEVERE]: For security constraints with URL pattern [/AMJavaRuntime.do] only the HTTP methods [POST GET] are covered. All other methods are uncovered.
[20 Feb 2024 10:32:49:569] [org.apache.tomcat.util.descriptor.web.SecurityConstraint findUncoveredHttpMethods] [SEVERE]: For security constraints with URL pattern [*.py] only the HTTP methods [POST GET] are covered. All other methods are uncovered.
[20 Feb 2024 10:32:49:569] [org.apache.tomcat.util.descriptor.web.SecurityConstraint findUncoveredHttpMethods] [SEVERE]: For security constraints with URL pattern [/adminAction.do] only the HTTP methods [POST GET] are covered. All other methods are uncovered.
[20 Feb 2024 10:32:49:570] [org.apache.tomcat.util.descriptor.web.SecurityConstraint findUncoveredHttpMethods] [SEVERE]: For security constraints with URL pattern [/jsp/ThresholdActionConfiguration.jsp] only the HTTP methods [POST GET] are covered. All other methods are uncovered.
[20 Feb 2024 10:32:49:570] [org.apache.tomcat.util.descriptor.web.SecurityConstraint findUncoveredHttpMethods] [SEVERE]: For security constraints with URL pattern [/DebugInfo.do] only the HTTP methods [POST GET] are covered. All other methods are uncovered.
[20 Feb 2024 10:32:49:570] [org.apache.tomcat.util.descriptor.web.SecurityConstraint findUncoveredHttpMethods] [SEVERE]: For security constraints with URL pattern [/BulkAddMonitors.do] only the HTTP methods [POST GET] are covered. All other methods are uncovered.
[20 Feb 2024 10:32:49:570] [org.apache.tomcat.util.descriptor.web.SecurityConstraint findUncoveredHttpMethods] [SEVERE]: For security constraints with URL pattern [/MBeanOperationAction.do] only the HTTP methods [POST GET] are covered. All other methods are uncovered.
[20 Feb 2024 10:32:49:570] [org.apache.tomcat.util.descriptor.web.SecurityConstraint findUncoveredHttpMethods] [SEVERE]: For security constraints with URL pattern [/DiagAlertAction.do] only the HTTP methods [POST GET] are covered. All other methods are uncovered.
[20 Feb 2024 10:32:49:570] [org.apache.tomcat.util.descriptor.web.SecurityConstraint findUncoveredHttpMethods] [SEVERE]: For security constraints with URL pattern [/fault/AlarmDetails.do] only the HTTP methods [POST GET] are covered. All other methods are uncovered.
[20 Feb 2024 10:32:49:570] [org.apache.tomcat.util.descriptor.web.SecurityConstraint findUncoveredHttpMethods] [SEVERE]: For security constraints with URL pattern [/jsp/RBM_new.jsp] only the HTTP methods [POST GET] are covered. All other methods are uncovered.
[20 Feb 2024 10:32:49:570] [org.apache.tomcat.util.descriptor.web.SecurityConstraint findUncoveredHttpMethods] [SEVERE]: For security constraints with URL pattern [/HostResource.do] only the HTTP methods [POST GET] are covered. All other methods are uncovered.
[20 Feb 2024 10:32:49:570] [org.apache.tomcat.util.descriptor.web.SecurityConstraint findUncoveredHttpMethods] [SEVERE]: For security constraints with URL pattern [/ProcessTemplates.do] only the HTTP methods [POST GET] are covered. All other methods are uncovered.
[20 Feb 2024 10:32:49:571] [org.apache.tomcat.util.descriptor.web.SecurityConstraint findUncoveredHttpMethods] [SEVERE]: For security constraints with URL pattern [/showActionProfiles.do] only the HTTP methods [POST GET] are covered. All other methods are uncovered.
[20 Feb 2024 10:32:49:571] [org.apache.tomcat.util.descriptor.web.SecurityConstraint findUncoveredHttpMethods] [SEVERE]: For security constraints with URL pattern [/jsp/AddNewEventLog.jsp] only the HTTP methods [POST GET] are covered. All other methods are uncovered.
[20 Feb 2024 10:32:49:571] [org.apache.tomcat.util.descriptor.web.SecurityConstraint findUncoveredHttpMethods] [SEVERE]: For security constraints with URL pattern [/showWASWebApp.do] only the HTTP methods [POST GET] are covered. All other methods are uncovered.
[20 Feb 2024 10:32:49:571] [org.apache.tomcat.util.descriptor.web.SecurityConstraint findUncoveredHttpMethods] [SEVERE]: For security constraints with URL pattern [/jsp/EditDisplaynames.jsp] only the HTTP methods [POST GET] are covered. All other methods are uncovered.
[20 Feb 2024 10:32:49:571] [org.apache.tomcat.util.descriptor.web.SecurityConstraint findUncoveredHttpMethods] [SEVERE]: For security constraints with URL pattern [/jsp/MonitorGroupPlugin_Admin.jsp] only the HTTP methods [POST GET] are covered. All other methods are uncovered.
[20 Feb 2024 10:32:49:571] [org.apache.tomcat.util.descriptor.web.SecurityConstraint findUncoveredHttpMethods] [SEVERE]: For security constraints with URL pattern [/OAuthProvider.do] only the HTTP methods [POST GET] are covered. All other methods are uncovered.
[20 Feb 2024 10:32:49:571] [org.apache.tomcat.util.descriptor.web.SecurityConstraint findUncoveredHttpMethods] [SEVERE]: For security constraints with URL pattern [/jsp/sap/alertsFilter.jsp] only the HTTP methods [POST GET] are covered. All other methods are uncovered.
[20 Feb 2024 10:32:49:571] [org.apache.tomcat.util.descriptor.web.SecurityConstraint findUncoveredHttpMethods] [SEVERE]: For security constraints with URL pattern [/slackintegration.do] only the HTTP methods [POST GET] are covered. All other methods are uncovered.
[20 Feb 2024 10:32:49:571] [org.apache.tomcat.util.descriptor.web.SecurityConstraint findUncoveredHttpMethods] [SEVERE]: For security constraints with URL pattern [/showReports.do] only the HTTP methods [POST GET] are covered. All other methods are uncovered.
[20 Feb 2024 10:32:49:571] [org.apache.tomcat.util.descriptor.web.SecurityConstraint findUncoveredHttpMethods] [SEVERE]: For security constraints with URL pattern [/manageEC2Instances.do] only the HTTP methods [POST GET] are covered. All other methods are uncovered.
[20 Feb 2024 10:32:49:571] [org.apache.tomcat.util.descriptor.web.SecurityConstraint findUncoveredHttpMethods] [SEVERE]: For security constraints with URL pattern [/projects/webscripts/*] only the HTTP methods [POST GET] are covered. All other methods are uncovered.
[20 Feb 2024 10:32:49:571] [org.apache.tomcat.util.descriptor.web.SecurityConstraint findUncoveredHttpMethods] [SEVERE]: For security constraints with URL pattern [/myFields.do] only the HTTP methods [POST GET] are covered. All other methods are uncovered.
[20 Feb 2024 10:32:49:571] [org.apache.tomcat.util.descriptor.web.SecurityConstraint findUncoveredHttpMethods] [SEVERE]: For security constraints with URL pattern [/common/*] only the HTTP methods [POST GET] are covered. All other methods are uncovered.
[20 Feb 2024 10:32:49:571] [org.apache.tomcat.util.descriptor.web.SecurityConstraint findUncoveredHttpMethods] [SEVERE]: For security constraints with URL pattern [/manageHyperVMs.do] only the HTTP methods [POST GET] are covered. All other methods are uncovered.
[20 Feb 2024 10:32:49:572] [org.apache.tomcat.util.descriptor.web.SecurityConstraint findUncoveredHttpMethods] [SEVERE]: For security constraints with URL pattern [/viewThreadDetails.do] only the HTTP methods [POST GET] are covered. All other methods are uncovered.
[20 Feb 2024 10:32:49:572] [org.apache.tomcat.util.descriptor.web.SecurityConstraint findUncoveredHttpMethods] [SEVERE]: For security constraints with URL pattern [/jsp/Popup_MopActions.jsp] only the HTTP methods [POST GET] are covered. All other methods are uncovered.
[20 Feb 2024 10:32:49:572] [org.apache.tomcat.util.descriptor.web.SecurityConstraint findUncoveredHttpMethods] [SEVERE]: For security constraints with URL pattern [/weblogicApps.do] only the HTTP methods [POST GET] are covered. All other methods are uncovered.
[20 Feb 2024 10:32:49:572] [org.apache.tomcat.util.descriptor.web.SecurityConstraint findUncoveredHttpMethods] [SEVERE]: For security constraints with URL pattern [/jsp/NewThresholdConfiguration.jsp] only the HTTP methods [POST GET] are covered. All other methods are uncovered.
[20 Feb 2024 10:32:49:572] [org.apache.tomcat.util.descriptor.web.SecurityConstraint findUncoveredHttpMethods] [SEVERE]: For security constraints with URL pattern [/as400.do] only the HTTP methods [POST GET] are covered. All other methods are uncovered.
[20 Feb 2024 10:32:49:572] [org.apache.tomcat.util.descriptor.web.SecurityConstraint findUncoveredHttpMethods] [SEVERE]: For security constraints with URL pattern [/jsp/SiebleErrorTaskList.jsp] only the HTTP methods [POST GET] are covered. All other methods are uncovered.
[20 Feb 2024 10:32:49:573] [org.apache.tomcat.util.descriptor.web.SecurityConstraint findUncoveredHttpMethods] [SEVERE]: For security constraints with URL pattern [/manageMQ.do] only the HTTP methods [POST GET] are covered. All other methods are uncovered.
[20 Feb 2024 10:32:49:573] [org.apache.tomcat.util.descriptor.web.SecurityConstraint findUncoveredHttpMethods] [SEVERE]: For security constraints with URL pattern [/mapViewAction.do] only the HTTP methods [POST GET] are covered. All other methods are uncovered.
[20 Feb 2024 10:32:49:573] [org.apache.tomcat.util.descriptor.web.SecurityConstraint findUncoveredHttpMethods] [SEVERE]: For security constraints with URL pattern [/jsp/TemplateProcessChooser.jsp] only the HTTP methods [POST GET] are covered. All other methods are uncovered.
[20 Feb 2024 10:32:49:573] [org.apache.tomcat.util.descriptor.web.SecurityConstraint findUncoveredHttpMethods] [SEVERE]: For security constraints with URL pattern [/common/serverinfo.do] only the HTTP methods [POST GET] are covered. All other methods are uncovered.
[20 Feb 2024 10:32:49:573] [org.apache.tomcat.util.descriptor.web.SecurityConstraint findUncoveredHttpMethods] [SEVERE]: For security constraints with URL pattern [/wsm.do] only the HTTP methods [POST GET] are covered. All other methods are uncovered.
[20 Feb 2024 10:32:49:573] [org.apache.tomcat.util.descriptor.web.SecurityConstraint findUncoveredHttpMethods] [SEVERE]: For security constraints with URL pattern [/ipconfig.txt] only the HTTP methods [POST GET] are covered. All other methods are uncovered.
[20 Feb 2024 10:32:49:573] [org.apache.tomcat.util.descriptor.web.SecurityConstraint findUncoveredHttpMethods] [SEVERE]: For security constraints with URL pattern [/jsp/EditEumDetails.jsp] only the HTTP methods [POST GET] are covered. All other methods are uncovered.
[20 Feb 2024 10:32:49:573] [org.apache.tomcat.util.descriptor.web.SecurityConstraint findUncoveredHttpMethods] [SEVERE]: For security constraints with URL pattern [/jsp/ErrorPage.jsp] only the HTTP methods [POST GET] are covered. All other methods are uncovered.
[20 Feb 2024 10:32:49:573] [org.apache.tomcat.util.descriptor.web.SecurityConstraint findUncoveredHttpMethods] [SEVERE]: For security constraints with URL pattern [/jsp/MonitorDetails.jsp] only the HTTP methods [POST GET] are covered. All other methods are uncovered.
[20 Feb 2024 10:32:49:573] [org.apache.tomcat.util.descriptor.web.SecurityConstraint findUncoveredHttpMethods] [SEVERE]: For security constraints with URL pattern [/sqljob.do] only the HTTP methods [POST GET] are covered. All other methods are uncovered.
[20 Feb 2024 10:32:49:573] [org.apache.tomcat.util.descriptor.web.SecurityConstraint findUncoveredHttpMethods] [SEVERE]: For security constraints with URL pattern [/netstat.txt] only the HTTP methods [POST GET] are covered. All other methods are uncovered.
[20 Feb 2024 10:32:49:573] [org.apache.tomcat.util.descriptor.web.SecurityConstraint findUncoveredHttpMethods] [SEVERE]: For security constraints with URL pattern [/showConfigurationData.do] only the HTTP methods [POST GET] are covered. All other methods are uncovered.
[20 Feb 2024 10:32:49:573] [org.apache.tomcat.util.descriptor.web.SecurityConstraint findUncoveredHttpMethods] [SEVERE]: For security constraints with URL pattern [/testCredential.do] only the HTTP methods [POST GET] are covered. All other methods are uncovered.
[20 Feb 2024 10:32:49:573] [org.apache.tomcat.util.descriptor.web.SecurityConstraint findUncoveredHttpMethods] [SEVERE]: For security constraints with URL pattern [/servlets/IT360UtilitiesServlet] only the HTTP methods [POST GET] are covered. All other methods are uncovered.
[20 Feb 2024 10:32:49:573] [org.apache.tomcat.util.descriptor.web.SecurityConstraint findUncoveredHttpMethods] [SEVERE]: For security constraints with URL pattern [/ShowCAM.do] only the HTTP methods [POST GET] are covered. All other methods are uncovered.
[20 Feb 2024 10:32:49:574] [org.apache.tomcat.util.descriptor.web.SecurityConstraint findUncoveredHttpMethods] [SEVERE]: For security constraints with URL pattern [/jsp/PasswordUpdate.jsp] only the HTTP methods [POST GET] are covered. All other methods are uncovered.
[20 Feb 2024 10:32:49:574] [org.apache.tomcat.util.descriptor.web.SecurityConstraint findUncoveredHttpMethods] [SEVERE]: For security constraints with URL pattern [/jsp/MASError404.jsp] only the HTTP methods [POST GET] are covered. All other methods are uncovered.
[20 Feb 2024 10:32:49:574] [org.apache.tomcat.util.descriptor.web.SecurityConstraint findUncoveredHttpMethods] [SEVERE]: For security constraints with URL pattern [/jsp/formpages/resolve400Error.jsp] only the HTTP methods [POST GET] are covered. All other methods are uncovered.
[20 Feb 2024 10:32:49:574] [org.apache.tomcat.util.descriptor.web.SecurityConstraint findUncoveredHttpMethods] [SEVERE]: For security constraints with URL pattern [/jsp/CopyMonitor.jsp] only the HTTP methods [POST GET] are covered. All other methods are uncovered.
[20 Feb 2024 10:32:49:574] [org.apache.tomcat.util.descriptor.web.SecurityConstraint findUncoveredHttpMethods] [SEVERE]: For security constraints with URL pattern [/jsp/gmap_severity.jsp] only the HTTP methods [POST GET] are covered. All other methods are uncovered.
[20 Feb 2024 10:32:49:574] [org.apache.tomcat.util.descriptor.web.SecurityConstraint findUncoveredHttpMethods] [SEVERE]: For security constraints with URL pattern [/showHyperVClusterApplication.do] only the HTTP methods [POST GET] are covered. All other methods are uncovered.
[20 Feb 2024 10:32:49:574] [org.apache.tomcat.util.descriptor.web.SecurityConstraint findUncoveredHttpMethods] [SEVERE]: For security constraints with URL pattern [/DotNet.do] only the HTTP methods [POST GET] are covered. All other methods are uncovered.
[20 Feb 2024 10:32:49:574] [org.apache.tomcat.util.descriptor.web.SecurityConstraint findUncoveredHttpMethods] [SEVERE]: For security constraints with URL pattern [/dataTableAction.do] only the HTTP methods [POST GET] are covered. All other methods are uncovered.
[20 Feb 2024 10:32:49:574] [org.apache.tomcat.util.descriptor.web.SecurityConstraint findUncoveredHttpMethods] [SEVERE]: For security constraints with URL pattern [/jsp/MailServerConfigUserArea.jsp] only the HTTP methods [POST GET] are covered. All other methods are uncovered.
[20 Feb 2024 10:32:49:574] [org.apache.tomcat.util.descriptor.web.SecurityConstraint findUncoveredHttpMethods] [SEVERE]: For security constraints with URL pattern [/jsp/Console_HealthEventsPop.jsp] only the HTTP methods [POST GET] are covered. All other methods are uncovered.
[20 Feb 2024 10:32:49:574] [org.apache.tomcat.util.descriptor.web.SecurityConstraint findUncoveredHttpMethods] [SEVERE]: For security constraints with URL pattern [/showDCComponentsNonConf.do] only the HTTP methods [POST GET] are covered. All other methods are uncovered.
[20 Feb 2024 10:32:49:574] [org.apache.tomcat.util.descriptor.web.SecurityConstraint findUncoveredHttpMethods] [SEVERE]: For security constraints with URL pattern [/support/*] only the HTTP methods [POST GET] are covered. All other methods are uncovered.
[20 Feb 2024 10:32:49:574] [org.apache.tomcat.util.descriptor.web.SecurityConstraint findUncoveredHttpMethods] [SEVERE]: For security constraints with URL pattern [/WTRInfo.do] only the HTTP methods [POST GET] are covered. All other methods are uncovered.
[20 Feb 2024 10:32:49:574] [org.apache.tomcat.util.descriptor.web.SecurityConstraint findUncoveredHttpMethods] [SEVERE]: For security constraints with URL pattern [/jsp/queryEdit.jsp] only the HTTP methods [POST GET] are covered. All other methods are uncovered.
[20 Feb 2024 10:32:49:583] [org.apache.tomcat.util.descriptor.web.SecurityConstraint findUncoveredHttpMethods] [SEVERE]: For security constraints with URL pattern [/extDeviceAction.do] only the HTTP methods [POST GET] are covered. All other methods are uncovered.
[20 Feb 2024 10:32:49:584] [org.apache.tomcat.util.descriptor.web.SecurityConstraint findUncoveredHttpMethods] [SEVERE]: For security constraints with URL pattern [/jsp/reports/eumReportsDropDown.jsp] only the HTTP methods [POST GET] are covered. All other methods are uncovered.
[20 Feb 2024 10:32:49:584] [org.apache.tomcat.util.descriptor.web.SecurityConstraint findUncoveredHttpMethods] [SEVERE]: For security constraints with URL pattern [/jsp/Popup_VMActions.jsp] only the HTTP methods [POST GET] are covered. All other methods are uncovered.
[20 Feb 2024 10:32:49:584] [org.apache.tomcat.util.descriptor.web.SecurityConstraint findUncoveredHttpMethods] [SEVERE]: For security constraints with URL pattern [/customReports.do] only the HTTP methods [POST GET] are covered. All other methods are uncovered.
[20 Feb 2024 10:32:49:584] [org.apache.tomcat.util.descriptor.web.SecurityConstraint findUncoveredHttpMethods] [SEVERE]: For security constraints with URL pattern [/confActions.do] only the HTTP methods [POST GET] are covered. All other methods are uncovered.
[20 Feb 2024 10:32:49:584] [org.apache.tomcat.util.descriptor.web.SecurityConstraint findUncoveredHttpMethods] [SEVERE]: For security constraints with URL pattern [/jsp/HostServiceDiscovery.jsp] only the HTTP methods [POST GET] are covered. All other methods are uncovered.
[20 Feb 2024 10:32:49:584] [org.apache.tomcat.util.descriptor.web.SecurityConstraint findUncoveredHttpMethods] [SEVERE]: For security constraints with URL pattern [/admin/createapplicationwiz.do] only the HTTP methods [POST GET] are covered. All other methods are uncovered.
[20 Feb 2024 10:32:49:584] [org.apache.tomcat.util.descriptor.web.SecurityConstraint findUncoveredHttpMethods] [SEVERE]: For security constraints with URL pattern [/createThresholdCSV.do] only the HTTP methods [POST GET] are covered. All other methods are uncovered.
[20 Feb 2024 10:32:49:584] [org.apache.tomcat.util.descriptor.web.SecurityConstraint findUncoveredHttpMethods] [SEVERE]: For security constraints with URL pattern [/Upload.do] only the HTTP methods [POST GET] are covered. All other methods are uncovered.
[20 Feb 2024 10:32:49:584] [org.apache.tomcat.util.descriptor.web.SecurityConstraint findUncoveredHttpMethods] [SEVERE]: For security constraints with URL pattern [/RUMActions.do] only the HTTP methods [POST GET] are covered. All other methods are uncovered.
[20 Feb 2024 10:32:49:584] [org.apache.tomcat.util.descriptor.web.SecurityConstraint findUncoveredHttpMethods] [SEVERE]: For security constraints with URL pattern [/admin/createapplication.do] only the HTTP methods [POST GET] are covered. All other methods are uncovered.
[20 Feb 2024 10:32:49:584] [org.apache.tomcat.util.descriptor.web.SecurityConstraint findUncoveredHttpMethods] [SEVERE]: For security constraints with URL pattern [/JavaRuntime.do] only the HTTP methods [POST GET] are covered. All other methods are uncovered.
[20 Feb 2024 10:32:49:584] [org.apache.tomcat.util.descriptor.web.SecurityConstraint findUncoveredHttpMethods] [SEVERE]: For security constraints with URL pattern [/jsp/MyField_Alarms.jsp] only the HTTP methods [POST GET] are covered. All other methods are uncovered.
[20 Feb 2024 10:32:49:584] [org.apache.tomcat.util.descriptor.web.SecurityConstraint findUncoveredHttpMethods] [SEVERE]: For security constraints with URL pattern [/jsp/viewlogs/ViewLogFile.jsp] only the HTTP methods [POST GET] are covered. All other methods are uncovered.
[20 Feb 2024 10:32:49:584] [org.apache.tomcat.util.descriptor.web.SecurityConstraint findUncoveredHttpMethods] [SEVERE]: For security constraints with URL pattern [/eventlogrules.do] only the HTTP methods [POST GET] are covered. All other methods are uncovered.
[20 Feb 2024 10:32:49:584] [org.apache.tomcat.util.descriptor.web.SecurityConstraint findUncoveredHttpMethods] [SEVERE]: For security constraints with URL pattern [/MySql.do] only the HTTP methods [POST GET] are covered. All other methods are uncovered.
[20 Feb 2024 10:32:49:585] [org.apache.tomcat.util.descriptor.web.SecurityConstraint findUncoveredHttpMethods] [SEVERE]: For security constraints with URL pattern [/rbmresources.do] only the HTTP methods [POST GET] are covered. All other methods are uncovered.
[20 Feb 2024 10:32:49:585] [org.apache.tomcat.util.descriptor.web.SecurityConstraint findUncoveredHttpMethods] [SEVERE]: For security constraints with URL pattern [/it360/*] only the HTTP methods [POST GET] are covered. All other methods are uncovered.
[20 Feb 2024 10:32:49:585] [org.apache.tomcat.util.descriptor.web.SecurityConstraint findUncoveredHttpMethods] [SEVERE]: For security constraints with URL pattern [/jsp/AjaxAttributeDetails.jsp] only the HTTP methods [POST GET] are covered. All other methods are uncovered.
[20 Feb 2024 10:32:49:585] [org.apache.tomcat.util.descriptor.web.SecurityConstraint findUncoveredHttpMethods] [SEVERE]: For security constraints with URL pattern [/newDiscoveryAction.do] only the HTTP methods [POST GET] are covered. All other methods are uncovered.
[20 Feb 2024 10:32:49:585] [org.apache.tomcat.util.descriptor.web.SecurityConstraint findUncoveredHttpMethods] [SEVERE]: For security constraints with URL pattern [/WebToken.do] only the HTTP methods [POST GET] are covered. All other methods are uncovered.
[20 Feb 2024 10:32:49:585] [org.apache.tomcat.util.descriptor.web.SecurityConstraint findUncoveredHttpMethods] [SEVERE]: For security constraints with URL pattern [/jsp/EditTable.jsp] only the HTTP methods [POST GET] are covered. All other methods are uncovered.
[20 Feb 2024 10:32:49:585] [org.apache.tomcat.util.descriptor.web.SecurityConstraint findUncoveredHttpMethods] [SEVERE]: For security constraints with URL pattern [/jsp/CredentialManager.jsp] only the HTTP methods [POST GET] are covered. All other methods are uncovered.
[20 Feb 2024 10:32:49:585] [org.apache.tomcat.util.descriptor.web.SecurityConstraint findUncoveredHttpMethods] [SEVERE]: For security constraints with URL pattern [/jsp/monitorerrors.jsp] only the HTTP methods [POST GET] are covered. All other methods are uncovered.
[20 Feb 2024 10:32:49:585] [org.apache.tomcat.util.descriptor.web.SecurityConstraint findUncoveredHttpMethods] [SEVERE]: For security constraints with URL pattern [/jsp/MibBrowser.jsp] only the HTTP methods [POST GET] are covered. All other methods are uncovered.
[20 Feb 2024 10:32:49:585] [org.apache.tomcat.util.descriptor.web.SecurityConstraint findUncoveredHttpMethods] [SEVERE]: For security constraints with URL pattern [/showOVMApplication.do] only the HTTP methods [POST GET] are covered. All other methods are uncovered.
[20 Feb 2024 10:32:49:585] [org.apache.tomcat.util.descriptor.web.SecurityConstraint findUncoveredHttpMethods] [SEVERE]: For security constraints with URL pattern [/jsp/microsoftazure/AddAzureVMServicesProcesses.jsp] only the HTTP methods [POST GET] are covered. All other methods are uncovered.
[20 Feb 2024 10:32:49:585] [org.apache.tomcat.util.descriptor.web.SecurityConstraint findUncoveredHttpMethods] [SEVERE]: For security constraints with URL pattern [/sap.do] only the HTTP methods [POST GET] are covered. All other methods are uncovered.
[20 Feb 2024 10:32:49:585] [org.apache.tomcat.util.descriptor.web.SecurityConstraint findUncoveredHttpMethods] [SEVERE]: For security constraints with URL pattern [/updateIpAction.do] only the HTTP methods [POST GET] are covered. All other methods are uncovered.
[20 Feb 2024 10:32:49:585] [org.apache.tomcat.util.descriptor.web.SecurityConstraint findUncoveredHttpMethods] [SEVERE]: For security constraints with URL pattern [/admin/userconfiguration.do] only the HTTP methods [POST GET] are covered. All other methods are uncovered.
[20 Feb 2024 10:32:49:586] [org.apache.tomcat.util.descriptor.web.SecurityConstraint findUncoveredHttpMethods] [SEVERE]: For security constraints with URL pattern [/webclient/mobile/jsp/MobileWidget.jsp] only the HTTP methods [POST GET] are covered. All other methods are uncovered.
[20 Feb 2024 10:32:49:586] [org.apache.tomcat.util.descriptor.web.SecurityConstraint findUncoveredHttpMethods] [SEVERE]: For security constraints with URL pattern [/index.do] only the HTTP methods [POST GET] are covered. All other methods are uncovered.
[20 Feb 2024 10:32:49:586] [org.apache.tomcat.util.descriptor.web.SecurityConstraint findUncoveredHttpMethods] [SEVERE]: For security constraints with URL pattern [/ConfigureProxy.do] only the HTTP methods [POST GET] are covered. All other methods are uncovered.
[20 Feb 2024 10:32:49:586] [org.apache.tomcat.util.descriptor.web.SecurityConstraint findUncoveredHttpMethods] [SEVERE]: For security constraints with URL pattern [/jsp/ChooseSAPB1Adapters.jsp] only the HTTP methods [POST GET] are covered. All other methods are uncovered.
[20 Feb 2024 10:32:49:586] [org.apache.tomcat.util.descriptor.web.SecurityConstraint findUncoveredHttpMethods] [SEVERE]: For security constraints with URL pattern [/jsp/Popup_AsyncEmail.jsp] only the HTTP methods [POST GET] are covered. All other methods are uncovered.
[20 Feb 2024 10:32:49:586] [org.apache.tomcat.util.descriptor.web.SecurityConstraint findUncoveredHttpMethods] [SEVERE]: For security constraints with URL pattern [/auditLogAction.do] only the HTTP methods [POST GET] are covered. All other methods are uncovered.
[20 Feb 2024 10:32:49:586] [org.apache.tomcat.util.descriptor.web.SecurityConstraint findUncoveredHttpMethods] [SEVERE]: For security constraints with URL pattern [/showRHEVApplication.do] only the HTTP methods [POST GET] are covered. All other methods are uncovered.
[20 Feb 2024 10:32:49:586] [org.apache.tomcat.util.descriptor.web.SecurityConstraint findUncoveredHttpMethods] [SEVERE]: For security constraints with URL pattern [/CreateCustomApplicationForm.do] only the HTTP methods [POST GET] are covered. All other methods are uncovered.
[20 Feb 2024 10:32:49:586] [org.apache.tomcat.util.descriptor.web.SecurityConstraint findUncoveredHttpMethods] [SEVERE]: For security constraints with URL pattern [/images/maps/*] only the HTTP methods [POST GET] are covered. All other methods are uncovered.
[20 Feb 2024 10:32:49:586] [org.apache.tomcat.util.descriptor.web.SecurityConstraint findUncoveredHttpMethods] [SEVERE]: For security constraints with URL pattern [/camSNMPActions.do] only the HTTP methods [POST GET] are covered. All other methods are uncovered.
[20 Feb 2024 10:32:49:586] [org.apache.tomcat.util.descriptor.web.SecurityConstraint findUncoveredHttpMethods] [SEVERE]: For security constraints with URL pattern [/jsp/DCComponentDetails.jsp] only the HTTP methods [POST GET] are covered. All other methods are uncovered.
[20 Feb 2024 10:32:49:586] [org.apache.tomcat.util.descriptor.web.SecurityConstraint findUncoveredHttpMethods] [SEVERE]: For security constraints with URL pattern [/showMSSQLReports.do] only the HTTP methods [POST GET] are covered. All other methods are uncovered.
[20 Feb 2024 10:32:49:586] [org.apache.tomcat.util.descriptor.web.SecurityConstraint findUncoveredHttpMethods] [SEVERE]: For security constraints with URL pattern [/jsp/UserHistorySessions.jsp] only the HTTP methods [POST GET] are covered. All other methods are uncovered.
[20 Feb 2024 10:32:49:587] [org.apache.tomcat.util.descriptor.web.SecurityConstraint findUncoveredHttpMethods] [SEVERE]: For security constraints with URL pattern [/jsp/ProxyConfiguration.jsp] only the HTTP methods [POST GET] are covered. All other methods are uncovered.
[20 Feb 2024 10:32:49:587] [org.apache.tomcat.util.descriptor.web.SecurityConstraint findUncoveredHttpMethods] [SEVERE]: For security constraints with URL pattern [/showNetworkResource.do] only the HTTP methods [POST GET] are covered. All other methods are uncovered.
[20 Feb 2024 10:32:49:587] [org.apache.tomcat.util.descriptor.web.SecurityConstraint findUncoveredHttpMethods] [SEVERE]: For security constraints with URL pattern [/OAuthCallBack] only the HTTP methods [POST GET] are covered. All other methods are uncovered.
[20 Feb 2024 10:32:49:587] [org.apache.tomcat.util.descriptor.web.SecurityConstraint findUncoveredHttpMethods] [SEVERE]: For security constraints with URL pattern [/configureactions.do] only the HTTP methods [POST GET] are covered. All other methods are uncovered.
[20 Feb 2024 10:32:49:587] [org.apache.tomcat.util.descriptor.web.SecurityConstraint findUncoveredHttpMethods] [SEVERE]: For security constraints with URL pattern [/jsp/HeatChart.jsp] only the HTTP methods [POST GET] are covered. All other methods are uncovered.
[20 Feb 2024 10:32:49:587] [org.apache.tomcat.util.descriptor.web.SecurityConstraint findUncoveredHttpMethods] [SEVERE]: For security constraints with URL pattern [/jsp/AddDockerContainers.jsp] only the HTTP methods [POST GET] are covered. All other methods are uncovered.
[20 Feb 2024 10:32:49:587] [org.apache.tomcat.util.descriptor.web.SecurityConstraint findUncoveredHttpMethods] [SEVERE]: For security constraints with URL pattern [/configureGuestOS.do] only the HTTP methods [POST GET] are covered. All other methods are uncovered.
[20 Feb 2024 10:32:49:587] [org.apache.tomcat.util.descriptor.web.SecurityConstraint findUncoveredHttpMethods] [SEVERE]: For security constraints with URL pattern [/jsp/ThresholdProfile.jsp] only the HTTP methods [POST GET] are covered. All other methods are uncovered.
[20 Feb 2024 10:32:49:587] [org.apache.tomcat.util.descriptor.web.SecurityConstraint findUncoveredHttpMethods] [SEVERE]: For security constraints with URL pattern [/updateScript.do] only the HTTP methods [POST GET] are covered. All other methods are uncovered.
[20 Feb 2024 10:32:49:587] [org.apache.tomcat.util.descriptor.web.SecurityConstraint findUncoveredHttpMethods] [SEVERE]: For security constraints with URL pattern [/jsp/AttributeDetails.jsp] only the HTTP methods [POST GET] are covered. All other methods are uncovered.
[20 Feb 2024 10:32:49:587] [org.apache.tomcat.util.descriptor.web.SecurityConstraint findUncoveredHttpMethods] [SEVERE]: For security constraints with URL pattern [/dashboard.do] only the HTTP methods [POST GET] are covered. All other methods are uncovered.
[20 Feb 2024 10:32:49:587] [org.apache.tomcat.util.descriptor.web.SecurityConstraint findUncoveredHttpMethods] [SEVERE]: For security constraints with URL pattern [/apminsight.do] only the HTTP methods [POST GET] are covered. All other methods are uncovered.
[20 Feb 2024 10:32:49:588] [org.apache.tomcat.util.descriptor.web.SecurityConstraint findUncoveredHttpMethods] [SEVERE]: For security constraints with URL pattern [/oracleCloudInstancesAction.do] only the HTTP methods [POST GET] are covered. All other methods are uncovered.
[20 Feb 2024 10:32:49:588] [org.apache.tomcat.util.descriptor.web.SecurityConstraint findUncoveredHttpMethods] [SEVERE]: For security constraints with URL pattern [/showAgent.do] only the HTTP methods [POST GET] are covered. All other methods are uncovered.
[20 Feb 2024 10:32:49:588] [org.apache.tomcat.util.descriptor.web.SecurityConstraint findUncoveredHttpMethods] [SEVERE]: For security constraints with URL pattern [/forecastReport.do] only the HTTP methods [POST GET] are covered. All other methods are uncovered.
[20 Feb 2024 10:32:49:588] [org.apache.tomcat.util.descriptor.web.SecurityConstraint findUncoveredHttpMethods] [SEVERE]: For security constraints with URL pattern [/jsp/EnterpriseDeleteExtraMonitors.jsp] only the HTTP methods [POST GET] are covered. All other methods are uncovered.
[20 Feb 2024 10:32:49:588] [org.apache.tomcat.util.descriptor.web.SecurityConstraint findUncoveredHttpMethods] [SEVERE]: For security constraints with URL pattern [/performanceActions.do] only the HTTP methods [POST GET] are covered. All other methods are uncovered.
[20 Feb 2024 10:32:49:588] [org.apache.tomcat.util.descriptor.web.SecurityConstraint findUncoveredHttpMethods] [SEVERE]: For security constraints with URL pattern [/users/*] only the HTTP methods [POST GET] are covered. All other methods are uncovered.
[20 Feb 2024 10:32:49:588] [org.apache.tomcat.util.descriptor.web.SecurityConstraint findUncoveredHttpMethods] [SEVERE]: For security constraints with URL pattern [/jsp/FaultTemplateOptions.jsp] only the HTTP methods [POST GET] are covered. All other methods are uncovered.
[20 Feb 2024 10:32:49:588] [org.apache.tomcat.util.descriptor.web.SecurityConstraint findUncoveredHttpMethods] [SEVERE]: For security constraints with URL pattern [/jsp/customizePlasmaView.jsp] only the HTTP methods [POST GET] are covered. All other methods are uncovered.
[20 Feb 2024 10:32:49:588] [org.apache.tomcat.util.descriptor.web.SecurityConstraint findUncoveredHttpMethods] [SEVERE]: For security constraints with URL pattern [/editDisplaynames.do] only the HTTP methods [POST GET] are covered. All other methods are uncovered.
[20 Feb 2024 10:32:49:588] [org.apache.tomcat.util.descriptor.web.SecurityConstraint findUncoveredHttpMethods] [SEVERE]: For security constraints with URL pattern [/mobile/*] only the HTTP methods [POST GET] are covered. All other methods are uncovered.
[20 Feb 2024 10:32:49:588] [org.apache.tomcat.util.descriptor.web.SecurityConstraint findUncoveredHttpMethods] [SEVERE]: For security constraints with URL pattern [/testVMAction.do] only the HTTP methods [POST GET] are covered. All other methods are uncovered.
[20 Feb 2024 10:32:49:588] [org.apache.tomcat.util.descriptor.web.SecurityConstraint findUncoveredHttpMethods] [SEVERE]: For security constraints with URL pattern [/jsp/SybaseLeftPage.jsp] only the HTTP methods [POST GET] are covered. All other methods are uncovered.
[20 Feb 2024 10:32:49:588] [org.apache.tomcat.util.descriptor.web.SecurityConstraint findUncoveredHttpMethods] [SEVERE]: For security constraints with URL pattern [/manageOpenShiftInstances.do] only the HTTP methods [POST GET] are covered. All other methods are uncovered.
[20 Feb 2024 10:32:49:588] [org.apache.tomcat.util.descriptor.web.SecurityConstraint findUncoveredHttpMethods] [SEVERE]: For security constraints with URL pattern [/RecentAlarms.do] only the HTTP methods [POST GET] are covered. All other methods are uncovered.
[20 Feb 2024 10:32:49:588] [org.apache.tomcat.util.descriptor.web.SecurityConstraint findUncoveredHttpMethods] [SEVERE]: For security constraints with URL pattern [/enterpriseAction.do] only the HTTP methods [POST GET] are covered. All other methods are uncovered.
[20 Feb 2024 10:32:49:588] [org.apache.tomcat.util.descriptor.web.SecurityConstraint findUncoveredHttpMethods] [SEVERE]: For security constraints with URL pattern [/MyPage.do] only the HTTP methods [POST GET] are covered. All other methods are uncovered.
[20 Feb 2024 10:32:49:588] [org.apache.tomcat.util.descriptor.web.SecurityConstraint findUncoveredHttpMethods] [SEVERE]: For security constraints with URL pattern [/jsp/Systemoptions.jsp] only the HTTP methods [POST GET] are covered. All other methods are uncovered.
[20 Feb 2024 10:32:49:588] [org.apache.tomcat.util.descriptor.web.SecurityConstraint findUncoveredHttpMethods] [SEVERE]: For security constraints with URL pattern [/jsp/sap/RFC.jsp] only the HTTP methods [POST GET] are covered. All other methods are uncovered.
[20 Feb 2024 10:32:49:589] [org.apache.tomcat.util.descriptor.web.SecurityConstraint findUncoveredHttpMethods] [SEVERE]: For security constraints with URL pattern [/AplusConfigServlet] only the HTTP methods [POST GET] are covered. All other methods are uncovered.
[20 Feb 2024 10:32:49:589] [org.apache.tomcat.util.descriptor.web.SecurityConstraint findUncoveredHttpMethods] [SEVERE]: For security constraints with URL pattern [/jsp/RCA.jsp] only the HTTP methods [POST GET] are covered. All other methods are uncovered.
[20 Feb 2024 10:32:49:599] [org.apache.tomcat.util.descriptor.web.SecurityConstraint findUncoveredHttpMethods] [SEVERE]: For security constraints with URL pattern [/businessHourDetails.do] only the HTTP methods [POST GET] are covered. All other methods are uncovered.
[20 Feb 2024 10:32:49:599] [org.apache.tomcat.util.descriptor.web.SecurityConstraint findUncoveredHttpMethods] [SEVERE]: For security constraints with URL pattern [/jsp/OASEJBData.jsp] only the HTTP methods [POST GET] are covered. All other methods are uncovered.
[20 Feb 2024 10:32:49:599] [org.apache.tomcat.util.descriptor.web.SecurityConstraint findUncoveredHttpMethods] [SEVERE]: For security constraints with URL pattern [/removeMonitors.do] only the HTTP methods [POST GET] are covered. All other methods are uncovered.
[20 Feb 2024 10:32:49:599] [org.apache.tomcat.util.descriptor.web.SecurityConstraint findUncoveredHttpMethods] [SEVERE]: For security constraints with URL pattern [/camJMXActions.do] only the HTTP methods [POST GET] are covered. All other methods are uncovered.
[20 Feb 2024 10:32:49:599] [org.apache.tomcat.util.descriptor.web.SecurityConstraint findUncoveredHttpMethods] [SEVERE]: For security constraints with URL pattern [/ImageUpload.do] only the HTTP methods [POST GET] are covered. All other methods are uncovered.
[20 Feb 2024 10:32:49:599] [org.apache.tomcat.util.descriptor.web.SecurityConstraint findUncoveredHttpMethods] [SEVERE]: For security constraints with URL pattern [/manageCloudVMActions.do] only the HTTP methods [POST GET] are covered. All other methods are uncovered.
[20 Feb 2024 10:32:49:599] [org.apache.tomcat.util.descriptor.web.SecurityConstraint findUncoveredHttpMethods] [SEVERE]: For security constraints with URL pattern [/jsp/NewMonitorType.jsp] only the HTTP methods [POST GET] are covered. All other methods are uncovered.
[20 Feb 2024 10:32:49:599] [org.apache.tomcat.util.descriptor.web.SecurityConstraint findUncoveredHttpMethods] [SEVERE]: For security constraints with URL pattern [/CronJobAction.do] only the HTTP methods [POST GET] are covered. All other methods are uncovered.
[20 Feb 2024 10:32:49:599] [org.apache.tomcat.util.descriptor.web.SecurityConstraint findUncoveredHttpMethods] [SEVERE]: For security constraints with URL pattern [/downTimeScheduler.do] only the HTTP methods [POST GET] are covered. All other methods are uncovered.
[20 Feb 2024 10:32:49:600] [org.apache.tomcat.util.descriptor.web.SecurityConstraint findUncoveredHttpMethods] [SEVERE]: For security constraints with URL pattern [/createurlsequence.do] only the HTTP methods [POST GET] are covered. All other methods are uncovered.
[20 Feb 2024 10:32:49:600] [org.apache.tomcat.util.descriptor.web.SecurityConstraint findUncoveredHttpMethods] [SEVERE]: For security constraints with URL pattern [/jsp/CiscoUCSFaults.jsp] only the HTTP methods [POST GET] are covered. All other methods are uncovered.
[20 Feb 2024 10:32:49:600] [org.apache.tomcat.util.descriptor.web.SecurityConstraint findUncoveredHttpMethods] [SEVERE]: For security constraints with URL pattern [/Sybase.do] only the HTTP methods [POST GET] are covered. All other methods are uncovered.
[20 Feb 2024 10:32:49:600] [org.apache.tomcat.util.descriptor.web.SecurityConstraint findUncoveredHttpMethods] [SEVERE]: For security constraints with URL pattern [/usermgmt.do] only the HTTP methods [POST GET] are covered. All other methods are uncovered.
[20 Feb 2024 10:32:49:600] [org.apache.tomcat.util.descriptor.web.SecurityConstraint findUncoveredHttpMethods] [SEVERE]: For security constraints with URL pattern [/jsp/About.jsp] only the HTTP methods [POST GET] are covered. All other methods are uncovered.
[20 Feb 2024 10:32:49:600] [org.apache.tomcat.util.descriptor.web.SecurityConstraint findUncoveredHttpMethods] [SEVERE]: For security constraints with URL pattern [/jsp/Monitorsdiv.jsp] only the HTTP methods [POST GET] are covered. All other methods are uncovered.
[20 Feb 2024 10:32:49:600] [org.apache.tomcat.util.descriptor.web.SecurityConstraint findUncoveredHttpMethods] [SEVERE]: For security constraints with URL pattern [/jsp/formpages/AccessRestricted.jsp] only the HTTP methods [POST GET] are covered. All other methods are uncovered.
[20 Feb 2024 10:32:49:600] [org.apache.tomcat.util.descriptor.web.SecurityConstraint findUncoveredHttpMethods] [SEVERE]: For security constraints with URL pattern [/monitorGrpRule.do] only the HTTP methods [POST GET] are covered. All other methods are uncovered.
[20 Feb 2024 10:32:49:600] [org.apache.tomcat.util.descriptor.web.SecurityConstraint findUncoveredHttpMethods] [SEVERE]: For security constraints with URL pattern [/resources/phpstats.php] only the HTTP methods [POST GET] are covered. All other methods are uncovered.
[20 Feb 2024 10:32:49:600] [org.apache.tomcat.util.descriptor.web.SecurityConstraint findUncoveredHttpMethods] [SEVERE]: For security constraints with URL pattern [/showHistoryData.do] only the HTTP methods [POST GET] are covered. All other methods are uncovered.
[20 Feb 2024 10:32:49:600] [org.apache.tomcat.util.descriptor.web.SecurityConstraint findUncoveredHttpMethods] [SEVERE]: For security constraints with URL pattern [/jsp/reports/TrendReportList.jsp] only the HTTP methods [POST GET] are covered. All other methods are uncovered.
[20 Feb 2024 10:32:49:600] [org.apache.tomcat.util.descriptor.web.SecurityConstraint findUncoveredHttpMethods] [SEVERE]: For security constraints with URL pattern [/jsp/RemoveDisk.jsp] only the HTTP methods [POST GET] are covered. All other methods are uncovered.
[20 Feb 2024 10:32:49:600] [org.apache.tomcat.util.descriptor.web.SecurityConstraint findUncoveredHttpMethods] [SEVERE]: For security constraints with URL pattern [/jsp/MonitorTypeSummary.jsp] only the HTTP methods [POST GET] are covered. All other methods are uncovered.
[20 Feb 2024 10:32:49:600] [org.apache.tomcat.util.descriptor.web.SecurityConstraint findUncoveredHttpMethods] [SEVERE]: For security constraints with URL pattern [/jsp/URLSequence_HAR_Import.jsp] only the HTTP methods [POST GET] are covered. All other methods are uncovered.
[20 Feb 2024 10:32:49:600] [org.apache.tomcat.util.descriptor.web.SecurityConstraint findUncoveredHttpMethods] [SEVERE]: For security constraints with URL pattern [/scheduleReports.do] only the HTTP methods [POST GET] are covered. All other methods are uncovered.
[20 Feb 2024 10:32:49:600] [org.apache.tomcat.util.descriptor.web.SecurityConstraint findUncoveredHttpMethods] [SEVERE]: For security constraints with URL pattern [/jsp/includes/SelectedMonitorThreshold.jsp] only the HTTP methods [POST GET] are covered. All other methods are uncovered.
[20 Feb 2024 10:32:49:600] [org.apache.tomcat.util.descriptor.web.SecurityConstraint findUncoveredHttpMethods] [SEVERE]: For security constraints with URL pattern [/jsp/wsmigraph.jsp] only the HTTP methods [POST GET] are covered. All other methods are uncovered.
[20 Feb 2024 10:32:49:601] [org.apache.tomcat.util.descriptor.web.SecurityConstraint findUncoveredHttpMethods] [SEVERE]: For security constraints with URL pattern [/MSSqlDispatch.do] only the HTTP methods [POST GET] are covered. All other methods are uncovered.
[20 Feb 2024 10:32:49:601] [org.apache.tomcat.util.descriptor.web.SecurityConstraint findUncoveredHttpMethods] [SEVERE]: For security constraints with URL pattern [/MibBrowser.do] only the HTTP methods [POST GET] are covered. All other methods are uncovered.
[20 Feb 2024 10:32:49:601] [org.apache.tomcat.util.descriptor.web.SecurityConstraint findUncoveredHttpMethods] [SEVERE]: For security constraints with URL pattern [/swMgmt.do] only the HTTP methods [POST GET] are covered. All other methods are uncovered.
[20 Feb 2024 10:32:49:601] [org.apache.tomcat.util.descriptor.web.SecurityConstraint findUncoveredHttpMethods] [SEVERE]: For security constraints with URL pattern [/PIISearch.do] only the HTTP methods [POST GET] are covered. All other methods are uncovered.
[20 Feb 2024 10:32:49:601] [org.apache.tomcat.util.descriptor.web.SecurityConstraint findUncoveredHttpMethods] [SEVERE]: For security constraints with URL pattern [/businessHours.do] only the HTTP methods [POST GET] are covered. All other methods are uncovered.
[20 Feb 2024 10:32:49:601] [org.apache.tomcat.util.descriptor.web.SecurityConstraint findUncoveredHttpMethods] [SEVERE]: For security constraints with URL pattern [/jsp/Popup_SendTrapActions.jsp] only the HTTP methods [POST GET] are covered. All other methods are uncovered.
[20 Feb 2024 10:32:49:601] [org.apache.tomcat.util.descriptor.web.SecurityConstraint findUncoveredHttpMethods] [SEVERE]: For security constraints with URL pattern [/showBussiness.do] only the HTTP methods [POST GET] are covered. All other methods are uncovered.
[20 Feb 2024 10:32:49:601] [org.apache.tomcat.util.descriptor.web.SecurityConstraint findUncoveredHttpMethods] [SEVERE]: For security constraints with URL pattern [/fault/AlarmView.do] only the HTTP methods [POST GET] are covered. All other methods are uncovered.
[20 Feb 2024 10:32:49:601] [org.apache.tomcat.util.descriptor.web.SecurityConstraint findUncoveredHttpMethods] [SEVERE]: For security constraints with URL pattern [/FileUpload.do] only the HTTP methods [POST GET] are covered. All other methods are uncovered.
[20 Feb 2024 10:32:49:601] [org.apache.tomcat.util.descriptor.web.SecurityConstraint findUncoveredHttpMethods] [SEVERE]: For security constraints with URL pattern [/jsp/threaddump.jsp] only the HTTP methods [POST GET] are covered. All other methods are uncovered.
[20 Feb 2024 10:32:49:601] [org.apache.tomcat.util.descriptor.web.SecurityConstraint findUncoveredHttpMethods] [SEVERE]: For security constraints with URL pattern [/alertEscalation.do] only the HTTP methods [POST GET] are covered. All other methods are uncovered.
[20 Feb 2024 10:32:49:601] [org.apache.tomcat.util.descriptor.web.SecurityConstraint findUncoveredHttpMethods] [SEVERE]: For security constraints with URL pattern [/showWASThread.do] only the HTTP methods [POST GET] are covered. All other methods are uncovered.
[20 Feb 2024 10:32:49:601] [org.apache.tomcat.util.descriptor.web.SecurityConstraint findUncoveredHttpMethods] [SEVERE]: For security constraints with URL pattern [/jsp/UpdateGlobalSettings.jsp] only the HTTP methods [POST GET] are covered. All other methods are uncovered.
[20 Feb 2024 10:32:49:601] [org.apache.tomcat.util.descriptor.web.SecurityConstraint findUncoveredHttpMethods] [SEVERE]: For security constraints with URL pattern [/jsp/includes/WLSDisableWebapp.jsp] only the HTTP methods [POST GET] are covered. All other methods are uncovered.
[20 Feb 2024 10:32:49:601] [org.apache.tomcat.util.descriptor.web.SecurityConstraint findUncoveredHttpMethods] [SEVERE]: For security constraints with URL pattern [/userSession.do] only the HTTP methods [POST GET] are covered. All other methods are uncovered.
[20 Feb 2024 10:32:49:601] [org.apache.tomcat.util.descriptor.web.SecurityConstraint findUncoveredHttpMethods] [SEVERE]: For security constraints with URL pattern [/monitorType.do] only the HTTP methods [POST GET] are covered. All other methods are uncovered.
[20 Feb 2024 10:32:49:601] [org.apache.tomcat.util.descriptor.web.SecurityConstraint findUncoveredHttpMethods] [SEVERE]: For security constraints with URL pattern [/showWASEJB.do] only the HTTP methods [POST GET] are covered. All other methods are uncovered.
[20 Feb 2024 10:32:49:601] [org.apache.tomcat.util.descriptor.web.SecurityConstraint findUncoveredHttpMethods] [SEVERE]: For security constraints with URL pattern [/BusinessView.do] only the HTTP methods [POST GET] are covered. All other methods are uncovered.
[20 Feb 2024 10:32:49:602] [org.apache.tomcat.util.descriptor.web.SecurityConstraint findUncoveredHttpMethods] [SEVERE]: For security constraints with URL pattern [/jsp/includes/WLSDisableServlet.jsp] only the HTTP methods [POST GET] are covered. All other methods are uncovered.
[20 Feb 2024 10:32:49:602] [org.apache.tomcat.util.descriptor.web.SecurityConstraint findUncoveredHttpMethods] [SEVERE]: For security constraints with URL pattern [/servlet/MenuHandlerServlet] only the HTTP methods [POST GET] are covered. All other methods are uncovered.
[20 Feb 2024 10:32:49:609] [org.apache.tomcat.util.descriptor.web.SecurityConstraint findUncoveredHttpMethods] [SEVERE]: For security constraints with URL pattern [/wpa/Resources/*] only the HTTP methods [POST GET] are covered. All other methods are uncovered.
[20 Feb 2024 10:32:49:609] [org.apache.tomcat.util.descriptor.web.SecurityConstraint findUncoveredHttpMethods] [SEVERE]: For security constraints with URL pattern [/jsp/MonitorCountSummary.jsp] only the HTTP methods [POST GET] are covered. All other methods are uncovered.
[20 Feb 2024 10:32:49:609] [org.apache.tomcat.util.descriptor.web.SecurityConstraint findUncoveredHttpMethods] [SEVERE]: For security constraints with URL pattern [/jsp/dump.jsp] only the HTTP methods [POST GET] are covered. All other methods are uncovered.
[20 Feb 2024 10:32:49:609] [org.apache.tomcat.util.descriptor.web.SecurityConstraint findUncoveredHttpMethods] [SEVERE]: For security constraints with URL pattern [/jsp/Mibinterdiv.jsp] only the HTTP methods [POST GET] are covered. All other methods are uncovered.
[20 Feb 2024 10:32:49:609] [org.apache.tomcat.util.descriptor.web.SecurityConstraint findUncoveredHttpMethods] [SEVERE]: For security constraints with URL pattern [/adminActivities.do] only the HTTP methods [POST GET] are covered. All other methods are uncovered.
[20 Feb 2024 10:32:49:609] [org.apache.tomcat.util.descriptor.web.SecurityConstraint findUncoveredHttpMethods] [SEVERE]: For security constraints with URL pattern [/jsp/ScriptHostDetails.jsp] only the HTTP methods [POST GET] are covered. All other methods are uncovered.
[20 Feb 2024 10:32:49:609] [org.apache.tomcat.util.descriptor.web.SecurityConstraint findUncoveredHttpMethods] [SEVERE]: For security constraints with URL pattern [/Consent.do] only the HTTP methods [POST GET] are covered. All other methods are uncovered.
[20 Feb 2024 10:32:49:610] [org.apache.tomcat.util.descriptor.web.SecurityConstraint findUncoveredHttpMethods] [SEVERE]: For security constraints with URL pattern [/showapplication.do] only the HTTP methods [POST GET] are covered. All other methods are uncovered.
[20 Feb 2024 10:32:49:610] [org.apache.tomcat.util.descriptor.web.SecurityConstraint findUncoveredHttpMethods] [SEVERE]: For security constraints with URL pattern [/showAllEventLogs.do] only the HTTP methods [POST GET] are covered. All other methods are uncovered.
[20 Feb 2024 10:32:49:610] [org.apache.tomcat.util.descriptor.web.SecurityConstraint findUncoveredHttpMethods] [SEVERE]: For security constraints with URL pattern [/Search.do] only the HTTP methods [POST GET] are covered. All other methods are uncovered.
[20 Feb 2024 10:32:49:610] [org.apache.tomcat.util.descriptor.web.SecurityConstraint findUncoveredHttpMethods] [SEVERE]: For security constraints with URL pattern [/assignOSNames.do] only the HTTP methods [POST GET] are covered. All other methods are uncovered.
[20 Feb 2024 10:32:49:610] [org.apache.tomcat.util.descriptor.web.SecurityConstraint findUncoveredHttpMethods] [SEVERE]: For security constraints with URL pattern [/RestAPIAction.do] only the HTTP methods [POST GET] are covered. All other methods are uncovered.
[20 Feb 2024 10:32:49:610] [org.apache.tomcat.util.descriptor.web.SecurityConstraint findUncoveredHttpMethods] [SEVERE]: For security constraints with URL pattern [/bulkadd/*] only the HTTP methods [POST GET] are covered. All other methods are uncovered.
[20 Feb 2024 10:32:49:610] [org.apache.tomcat.util.descriptor.web.SecurityConstraint findUncoveredHttpMethods] [SEVERE]: For security constraints with URL pattern [/configureactionsforslack.do] only the HTTP methods [POST GET] are covered. All other methods are uncovered.
[20 Feb 2024 10:32:49:610] [org.apache.tomcat.util.descriptor.web.SecurityConstraint findUncoveredHttpMethods] [SEVERE]: For security constraints with URL pattern [/jsp/UserActiveSessions.jsp] only the HTTP methods [POST GET] are covered. All other methods are uncovered.
[20 Feb 2024 10:32:49:610] [org.apache.tomcat.util.descriptor.web.SecurityConstraint findUncoveredHttpMethods] [SEVERE]: For security constraints with URL pattern [/OracleDispatch.do] only the HTTP methods [POST GET] are covered. All other methods are uncovered.
[20 Feb 2024 10:32:49:610] [org.apache.tomcat.util.descriptor.web.SecurityConstraint findUncoveredHttpMethods] [SEVERE]: For security constraints with URL pattern [/jsp/configure_resource.jsp] only the HTTP methods [POST GET] are covered. All other methods are uncovered.
[20 Feb 2024 10:32:49:610] [org.apache.tomcat.util.descriptor.web.SecurityConstraint findUncoveredHttpMethods] [SEVERE]: For security constraints with URL pattern [/showAttributes.do] only the HTTP methods [POST GET] are covered. All other methods are uncovered.
[20 Feb 2024 10:32:49:610] [org.apache.tomcat.util.descriptor.web.SecurityConstraint findUncoveredHttpMethods] [SEVERE]: For security constraints with URL pattern [/getWebAlarms.do] only the HTTP methods [POST GET] are covered. All other methods are uncovered.
[20 Feb 2024 10:32:49:610] [org.apache.tomcat.util.descriptor.web.SecurityConstraint findUncoveredHttpMethods] [SEVERE]: For security constraints with URL pattern [/manageNutanixInstance.do] only the HTTP methods [POST GET] are covered. All other methods are uncovered.
[20 Feb 2024 10:32:49:610] [org.apache.tomcat.util.descriptor.web.SecurityConstraint findUncoveredHttpMethods] [SEVERE]: For security constraints with URL pattern [/webclient/common/jsp/registerLicence.jsp] only the HTTP methods [POST GET] are covered. All other methods are uncovered.
[20 Feb 2024 10:32:49:610] [org.apache.tomcat.util.descriptor.web.SecurityConstraint findUncoveredHttpMethods] [SEVERE]: For security constraints with URL pattern [/EventViewPDF.do] only the HTTP methods [POST GET] are covered. All other methods are uncovered.
[20 Feb 2024 10:32:49:610] [org.apache.tomcat.util.descriptor.web.SecurityConstraint findUncoveredHttpMethods] [SEVERE]: For security constraints with URL pattern [/updateSQLconfig.do] only the HTTP methods [POST GET] are covered. All other methods are uncovered.
[20 Feb 2024 10:32:49:610] [org.apache.tomcat.util.descriptor.web.SecurityConstraint findUncoveredHttpMethods] [SEVERE]: For security constraints with URL pattern [/jsp/ChangeBulkAuthentication.jsp] only the HTTP methods [POST GET] are covered. All other methods are uncovered.
[20 Feb 2024 10:32:49:610] [org.apache.tomcat.util.descriptor.web.SecurityConstraint findUncoveredHttpMethods] [SEVERE]: For security constraints with URL pattern [/jsp/IncorrectLoginDetails.jsp] only the HTTP methods [POST GET] are covered. All other methods are uncovered.
[20 Feb 2024 10:32:49:611] [org.apache.tomcat.util.descriptor.web.SecurityConstraint findUncoveredHttpMethods] [SEVERE]: For security constraints with URL pattern [/jsp/Popup_SLA.jsp] only the HTTP methods [POST GET] are covered. All other methods are uncovered.
[20 Feb 2024 10:32:49:611] [org.apache.tomcat.util.descriptor.web.SecurityConstraint findUncoveredHttpMethods] [SEVERE]: For security constraints with URL pattern [/html/*] only the HTTP methods [POST GET] are covered. All other methods are uncovered.
[20 Feb 2024 10:32:49:611] [org.apache.tomcat.util.descriptor.web.SecurityConstraint findUncoveredHttpMethods] [SEVERE]: For security constraints with URL pattern [/manageApplications.do] only the HTTP methods [POST GET] are covered. All other methods are uncovered.
[20 Feb 2024 10:32:49:611] [org.apache.tomcat.util.descriptor.web.SecurityConstraint findUncoveredHttpMethods] [SEVERE]: For security constraints with URL pattern [/jsp/DCComponentMonitorList.jsp] only the HTTP methods [POST GET] are covered. All other methods are uncovered.
[20 Feb 2024 10:32:49:611] [org.apache.tomcat.util.descriptor.web.SecurityConstraint findUncoveredHttpMethods] [SEVERE]: For security constraints with URL pattern [/DBaction.do] only the HTTP methods [POST GET] are covered. All other methods are uncovered.
[20 Feb 2024 10:32:49:611] [org.apache.tomcat.util.descriptor.web.SecurityConstraint findUncoveredHttpMethods] [SEVERE]: For security constraints with URL pattern [/jsp/Popup_EmailPDF.jsp] only the HTTP methods [POST GET] are covered. All other methods are uncovered.
[20 Feb 2024 10:32:49:611] [org.apache.tomcat.util.descriptor.web.SecurityConstraint findUncoveredHttpMethods] [SEVERE]: For security constraints with URL pattern [/jsp/includes/istio_choose_workload.jsp] only the HTTP methods [POST GET] are covered. All other methods are uncovered.
[20 Feb 2024 10:32:49:611] [org.apache.tomcat.util.descriptor.web.SecurityConstraint findUncoveredHttpMethods] [SEVERE]: For security constraints with URL pattern [/jsp/PopUp_Graph.jsp] only the HTTP methods [POST GET] are covered. All other methods are uncovered.
[20 Feb 2024 10:32:49:611] [org.apache.tomcat.util.descriptor.web.SecurityConstraint findUncoveredHttpMethods] [SEVERE]: For security constraints with URL pattern [/fault/AMAlarmView.do] only the HTTP methods [POST GET] are covered. All other methods are uncovered.
[20 Feb 2024 10:32:49:611] [org.apache.tomcat.util.descriptor.web.SecurityConstraint findUncoveredHttpMethods] [SEVERE]: For security constraints with URL pattern [/StorageMapping.do] only the HTTP methods [POST GET] are covered. All other methods are uncovered.
[20 Feb 2024 10:32:49:611] [org.apache.tomcat.util.descriptor.web.SecurityConstraint findUncoveredHttpMethods] [SEVERE]: For security constraints with URL pattern [/jsp/Popup_TnreadDumpActions.jsp] only the HTTP methods [POST GET] are covered. All other methods are uncovered.
[20 Feb 2024 10:32:49:611] [org.apache.tomcat.util.descriptor.web.SecurityConstraint findUncoveredHttpMethods] [SEVERE]: For security constraints with URL pattern [/jsp/Alarm.jsp] only the HTTP methods [POST GET] are covered. All other methods are uncovered.
[20 Feb 2024 10:32:49:611] [org.apache.tomcat.util.descriptor.web.SecurityConstraint findUncoveredHttpMethods] [SEVERE]: For security constraints with URL pattern [/saml/generateSPMetaData] only the HTTP methods [POST GET] are covered. All other methods are uncovered.
[20 Feb 2024 10:32:49:611] [org.apache.tomcat.util.descriptor.web.SecurityConstraint findUncoveredHttpMethods] [SEVERE]: For security constraints with URL pattern [/importHAR.do] only the HTTP methods [POST GET] are covered. All other methods are uncovered.
[20 Feb 2024 10:32:49:611] [org.apache.tomcat.util.descriptor.web.SecurityConstraint findUncoveredHttpMethods] [SEVERE]: For security constraints with URL pattern [/feedback.do] only the HTTP methods [POST GET] are covered. All other methods are uncovered.
[20 Feb 2024 10:32:49:611] [org.apache.tomcat.util.descriptor.web.SecurityConstraint findUncoveredHttpMethods] [SEVERE]: For security constraints with URL pattern [/GlobalActions.do] only the HTTP methods [POST GET] are covered. All other methods are uncovered.
[20 Feb 2024 10:32:49:611] [org.apache.tomcat.util.descriptor.web.SecurityConstraint findUncoveredHttpMethods] [SEVERE]: For security constraints with URL pattern [/oracleas.do] only the HTTP methods [POST GET] are covered. All other methods are uncovered.
[20 Feb 2024 10:32:49:611] [org.apache.tomcat.util.descriptor.web.SecurityConstraint findUncoveredHttpMethods] [SEVERE]: For security constraints with URL pattern [/fault/NetworkEvent.do] only the HTTP methods [POST GET] are covered. All other methods are uncovered.
[20 Feb 2024 10:32:49:612] [org.apache.tomcat.util.descriptor.web.SecurityConstraint findUncoveredHttpMethods] [SEVERE]: For security constraints with URL pattern [/webclient/common/jsp/AlarmPaging.jsp] only the HTTP methods [POST GET] are covered. All other methods are uncovered.
[20 Feb 2024 10:32:49:612] [org.apache.tomcat.util.descriptor.web.SecurityConstraint handleOmittedMethods] [SEVERE]: For security constraints with URL pattern [/api/v3/*] the HTTP methods [DELETE POST GET PUT] are uncovered.
[20 Feb 2024 10:32:49:612] [org.apache.tomcat.util.descriptor.web.SecurityConstraint handleOmittedMethods] [SEVERE]: For security constraints with URL pattern [/client/api/v3/*] the HTTP methods [DELETE POST GET PUT] are uncovered.
[20 Feb 2024 10:33:46:895] [org.apache.catalina.core.StandardWrapperValve invoke] [SEVERE]: Servlet.service() for servlet [APMInsightConnectionServlet] in context with path [] threw exception
java.lang.NullPointerException
	at com.manageengine.apminsight.client.servlets.APMInsightConnectionServlet.doPost(APMInsightConnectionServlet.java:80)
	at javax.servlet.http.HttpServlet.service(HttpServlet.java:696)
	at javax.servlet.http.HttpServlet.service(HttpServlet.java:779)
	at org.apache.catalina.core.ApplicationFilterChain.internalDoFilter(ApplicationFilterChain.java:227)
	at org.apache.catalina.core.ApplicationFilterChain.doFilter(ApplicationFilterChain.java:162)
	at org.apache.tomcat.websocket.server.WsFilter.doFilter(WsFilter.java:53)
	at org.apache.catalina.core.ApplicationFilterChain.internalDoFilter(ApplicationFilterChain.java:189)
	at org.apache.catalina.core.ApplicationFilterChain.doFilter(ApplicationFilterChain.java:162)
	at com.adventnet.iam.security.SecurityFilter.doFilter(SecurityFilter.java:471)
	at org.apache.catalina.core.ApplicationFilterChain.internalDoFilter(ApplicationFilterChain.java:189)
	at org.apache.catalina.core.ApplicationFilterChain.doFilter(ApplicationFilterChain.java:162)
	at org.apache.catalina.core.StandardWrapperValve.invoke(StandardWrapperValve.java:177)
	at org.apache.catalina.core.StandardContextValve.invoke(StandardContextValve.java:97)
	at com.adventnet.appmanager.tomcatagent.ver5.valve.TaintFilterValve.invoke(TaintFilterValve.java:85)
	at org.apache.catalina.authenticator.AuthenticatorBase.invoke(AuthenticatorBase.java:660)
	at org.apache.catalina.core.StandardHostValve.invoke(StandardHostValve.java:135)
	at org.apache.catalina.valves.ErrorReportValve.invoke(ErrorReportValve.java:92)
	at org.apache.catalina.valves.AbstractAccessLogValve.invoke(AbstractAccessLogValve.java:687)
	at org.apache.catalina.core.StandardEngineValve.invoke(StandardEngineValve.java:78)
	at com.adventnet.appmanager.tomcatagent.ver5.valve.AdventNetHostValve.invoke(AdventNetHostValve.java:143)
	at org.apache.catalina.connector.CoyoteAdapter.service(CoyoteAdapter.java:360)
	at org.apache.coyote.http11.Http11Processor.service(Http11Processor.java:399)
	at org.apache.coyote.AbstractProcessorLight.process(AbstractProcessorLight.java:65)
	at org.apache.coyote.AbstractProtocol$ConnectionHandler.process(AbstractProtocol.java:891)
	at org.apache.tomcat.util.net.NioEndpoint$SocketProcessor.doRun(NioEndpoint.java:1784)
	at org.apache.tomcat.util.net.SocketProcessorBase.run(SocketProcessorBase.java:49)
	at org.apache.tomcat.util.threads.ThreadPoolExecutor.runWorker(ThreadPoolExecutor.java:1191)
	at org.apache.tomcat.util.threads.ThreadPoolExecutor$Worker.run(ThreadPoolExecutor.java:659)
	at org.apache.tomcat.util.threads.TaskThread$WrappingRunnable.run(TaskThread.java:61)
	at java.lang.Thread.run(Thread.java:750)

[20 Feb 2024 10:34:41:885] [com.manageengine.appmanager.tomcatagent.ver5.realm.AMAuthenticatorRealm authenticate] [SEVERE]: AMAuthenticatorRealm :: authenticate() :: domainsCount: 0 :: username: admin
[20 Feb 2024 10:34:41:886] [com.manageengine.appmanager.tomcatagent.ver5.realm.AMAuthenticatorRealm authenticate] [SEVERE]: AMAuthenticatorRealm :: authenticate() :: isPlugin: false :: adAuth: false
[20 Feb 2024 11:39:18:371] [com.manageengine.appmanager.tomcatagent.ver5.realm.AMAuthenticatorRealm authenticate] [SEVERE]: AMAuthenticatorRealm :: authenticate() :: domainsCount: 0 :: username: admin
[20 Feb 2024 11:39:18:371] [com.manageengine.appmanager.tomcatagent.ver5.realm.AMAuthenticatorRealm authenticate] [SEVERE]: AMAuthenticatorRealm :: authenticate() :: isPlugin: false :: adAuth: false
[20 Feb 2024 11:47:14:239] [org.apache.catalina.core.ApplicationFilterConfig release] [SEVERE]: Failed to destroy the filter named [CAS Validation Filter] of type [org.jasig.cas.client.validation.Cas20ProxyReceivingTicketValidationFilter]
java.lang.NullPointerException
	at org.jasig.cas.client.validation.Cas20ProxyReceivingTicketValidationFilter.destroy(Cas20ProxyReceivingTicketValidationFilter.java:215)
	at org.apache.catalina.core.ApplicationFilterConfig.release(ApplicationFilterConfig.java:303)
	at org.apache.catalina.core.StandardContext.filterStop(StandardContext.java:4643)
	at org.apache.catalina.core.StandardContext.stopInternal(StandardContext.java:5455)
	at org.apache.catalina.util.LifecycleBase.stop(LifecycleBase.java:257)
	at org.apache.catalina.core.ContainerBase$StopChild.call(ContainerBase.java:1409)
	at org.apache.catalina.core.ContainerBase$StopChild.call(ContainerBase.java:1398)
	at java.util.concurrent.FutureTask.run(FutureTask.java:266)
	at org.apache.tomcat.util.threads.InlineExecutorService.execute(InlineExecutorService.java:75)
	at java.util.concurrent.AbstractExecutorService.submit(AbstractExecutorService.java:134)
	at org.apache.catalina.core.ContainerBase.stopInternal(ContainerBase.java:983)
	at org.apache.catalina.util.LifecycleBase.stop(LifecycleBase.java:257)
	at org.apache.catalina.core.ContainerBase$StopChild.call(ContainerBase.java:1409)
	at org.apache.catalina.core.ContainerBase$StopChild.call(ContainerBase.java:1398)
	at java.util.concurrent.FutureTask.run(FutureTask.java:266)
	at org.apache.tomcat.util.threads.InlineExecutorService.execute(InlineExecutorService.java:75)
	at java.util.concurrent.AbstractExecutorService.submit(AbstractExecutorService.java:134)
	at org.apache.catalina.core.ContainerBase.stopInternal(ContainerBase.java:983)
	at org.apache.catalina.util.LifecycleBase.stop(LifecycleBase.java:257)
	at org.apache.catalina.core.StandardService.stopInternal(StandardService.java:495)
	at org.apache.catalina.util.LifecycleBase.stop(LifecycleBase.java:257)
	at org.apache.catalina.core.StandardServer.stopInternal(StandardServer.java:982)
	at org.apache.catalina.util.LifecycleBase.stop(LifecycleBase.java:257)
	at org.apache.catalina.startup.Catalina.stop(Catalina.java:849)
	at org.apache.catalina.startup.Catalina$CatalinaShutdownHook.run(Catalina.java:996)

